[06Jan2025 00:00:30.659] [Server thread/INFO] [net.minecraft.server.MinecraftServer/]: EXPRIMEVACAS was blown up by Troll
[06Jan2025 00:00:32.360] [Server thread/INFO] [net.minecraft.server.MinecraftServer/]: EdrianferXD10 was slain by Bulldrogioth
[06Jan2025 00:00:57.110] [Server thread/INFO] [net.minecraft.server.MinecraftServer/]: EXPRIMEVACAS has made the advancement [They Have a Cave Troll!]
[06Jan2025 00:01:20.533] [Server thread/INFO] [net.minecraft.server.MinecraftServer/]: <ErickJaeger> zzzzzzzzzzzzzzzzzzzzzzzzzzzzzzzzzzzzzzzz
[06Jan2025 00:01:34.409] [Server thread/INFO] [net.minecraft.server.MinecraftServer/]: EdrianferXD10 was slain by Bulldrogioth
[06Jan2025 00:03:11.866] [Server thread/INFO] [net.minecraft.server.MinecraftServer/]: <ErickJaeger> ZZZZZZZZZZZZZZZZZZZZZZZZZZZZZZZZZZZZZ
[06Jan2025 00:03:26.388] [Server thread/INFO] [net.minecraft.server.MinecraftServer/]: <DarkMoon> zzzz
[06Jan2025 00:03:30.505] [Server thread/INFO] [net.minecraft.world.entity.npc.Villager/]: Villager VillagerEntityMCA['Misako'/24951, l='ServerLevel[world]', x=833.18, y=67.00, z=4882.16] died, message: 'Misako was slain by Zombie'
[06Jan2025 00:03:30.505] [Server thread/INFO] [net.minecraft.world.entity.LivingEntity/]: Named entity VillagerEntityMCA['Misako'/24951, l='ServerLevel[world]', x=833.18, y=67.00, z=4882.16] died: Misako was slain by Zombie
[06Jan2025 00:03:37.309] [Server thread/INFO] [net.minecraft.server.MinecraftServer/]: <ErickJaeger> zzzzzzzzzzzzzzzzzzzzzzzzzzzzzzzzzzzzzzzzzzzzzzzzzzzzzzzzzzzzzzzzzzzzzzzzzzzzzzzzzzzzzzzzzzzzzzzzzzzzzzzzzzzzzzzzzzzzzzzzzzzzzzzzzzzzzzzzzzzzzzzzzzzzzzzz
[06Jan2025 00:03:37.809] [Server thread/INFO] [net.minecraft.server.MinecraftServer/]: <ErickJaeger> zzzzzzzzzzzzzzzzzzzzzzzzzzzzzzzzzzzzzzzzzzzzzzzzzzzzzzzzzzzzzzzzzzzzzzzzzzzzzzzzzzzzzzzzzzzzzzzzzzzzzzzzzzzzzzzzzzzzzzzzzzzzzzzzzzzzzzzzzzzzzzzzzzzzzzzz
[06Jan2025 00:03:38.208] [Server thread/INFO] [net.minecraft.server.MinecraftServer/]: <ErickJaeger> zzzzzzzzzzzzzzzzzzzzzzzzzzzzzzzzzzzzzzzzzzzzzzzzzzzzzzzzzzzzzzzzzzzzzzzzzzzzzzzzzzzzzzzzzzzzzzzzzzzzzzzzzzzzzzzzzzzzzzzzzzzzzzzzzzzzzzzzzzzzzzzzzzzzzzzz
[06Jan2025 00:03:38.562] [Server thread/INFO] [net.minecraft.server.MinecraftServer/]: <ErickJaeger> zzzzzzzzzzzzzzzzzzzzzzzzzzzzzzzzzzzzzzzzzzzzzzzzzzzzzzzzzzzzzzzzzzzzzzzzzzzzzzzzzzzzzzzzzzzzzzzzzzzzzzzzzzzzzzzzzzzzzzzzzzzzzzzzzzzzzzzzzzzzzzzzzzzzzzzz
[06Jan2025 00:03:38.911] [Server thread/INFO] [net.minecraft.server.MinecraftServer/]: <ErickJaeger> zzzzzzzzzzzzzzzzzzzzzzzzzzzzzzzzzzzzzzzzzzzzzzzzzzzzzzzzzzzzzzzzzzzzzzzzzzzzzzzzzzzzzzzzzzzzzzzzzzzzzzzzzzzzzzzzzzzzzzzzzzzzzzzzzzzzzzzzzzzzzzzzzzzzzzzz
[06Jan2025 00:03:39.189] [Server thread/INFO] [net.minecraft.server.MinecraftServer/]: <ErickJaeger> zzzzzzzzzzzzzzzzzzzzzzzzzzzzzzzzzzzzzzzzzzzzzzzzzzzzzzzzzzzzzzzzzzzzzzzzzzzzzzzzzzzzzzzzzzzzzzzzzzzzzzzzzzzzzzzzzzzzzzzzzzzzzzzzzzzzzzzzzzzzzzzzzzzzzzzz
[06Jan2025 00:03:39.481] [Server thread/INFO] [net.minecraft.server.MinecraftServer/]: <ErickJaeger> zzzzzzzzzzzzzzzzzzzzzzzzzzzzzzzzzzzzzzzzzzzzzzzzzzzzzzzzzzzzzzzzzzzzzzzzzzzzzzzzzzzzzzzzzzzzzzzzzzzzzzzzzzzzzzzzzzzzzzzzzzzzzzzzzzzzzzzzzzzzzzzzzzzzzzzz
[06Jan2025 00:03:39.733] [Server thread/INFO] [net.minecraft.server.MinecraftServer/]: <ErickJaeger> zzzzzzzzzzzzzzzzzzzzzzzzzzzzzzzzzzzzzzzzzzzzzzzzzzzzzzzzzzzzzzzzzzzzzzzzzzzzzzzzzzzzzzzzzzzzzzzzzzzzzzzzzzzzzzzzzzzzzzzzzzzzzzzzzzzzzzzzzzzzzzzzzzzzzzzz
[06Jan2025 00:03:39.959] [Server thread/INFO] [net.minecraft.server.MinecraftServer/]: <DarkMoon> zzzz
[06Jan2025 00:03:41.955] [Server thread/INFO] [net.minecraft.server.MinecraftServer/]: <DarkMoon> zzzzz
[06Jan2025 00:04:13.861] [Server thread/INFO] [net.minecraft.server.MinecraftServer/]: <DarkMoon> zzzzz
[06Jan2025 00:04:13.965] [Server thread/INFO] [com.teampotato.redirector.Redirector/]: Redirecting net/minecraft/world/level/levelgen/structure/StructureCheckResult
[06Jan2025 00:04:14.214] [Server thread/INFO] [com.teampotato.redirector.Redirector/]: Redirecting net/minecraft/world/level/material/MapColor$Brightness
[06Jan2025 00:04:14.963] [Server thread/INFO] [net.minecraft.server.network.ServerGamePacketListenerImpl/]: EXPRIMEVACAS lost connection: Disconnected
[06Jan2025 00:04:14.963] [Server thread/INFO] [net.minecraft.server.MinecraftServer/]: EXPRIMEVACAS left the game
[06Jan2025 00:04:14.994] [Server thread/INFO] [net.minecraft.server.MinecraftServer/]: <DarkMoon> zzzzz
[06Jan2025 00:05:07.471] [Server thread/INFO] [net.minecraft.server.players.PlayerList/]: EXPRIMEVACAS[/172.22.77.121:56517] logged in with entity id 35653 at (775.3000000119209, -35.0, 18664.30000001192)
[06Jan2025 00:05:07.484] [Server thread/INFO] [net.minecraft.server.MinecraftServer/]: EXPRIMEVACAS joined the game
[06Jan2025 00:06:04.077] [Worker-Main-1/WARN] [net.minecraft.world.entity.ai.attributes.AttributeMap/]: Ignoring unknown attribute 'caelus:fall_flying'
[06Jan2025 00:06:04.080] [Worker-Main-1/ERROR] [net.minecraft.world.entity.decoration.HangingEntity/]: Hanging entity at invalid position: BlockPos{x=1, y=-60, z=89}
[06Jan2025 00:06:04.081] [Worker-Main-1/ERROR] [net.minecraft.world.entity.decoration.HangingEntity/]: Hanging entity at invalid position: BlockPos{x=2, y=-60, z=90}
[06Jan2025 00:06:04.095] [Worker-Main-3/WARN] [net.minecraft.world.entity.ai.attributes.AttributeMap/]: Ignoring unknown attribute 'caelus:fall_flying'
[06Jan2025 00:06:04.096] [Worker-Main-3/WARN] [net.minecraft.world.entity.ai.attributes.AttributeMap/]: Ignoring unknown attribute 'caelus:fall_flying'
[06Jan2025 00:06:04.324] [Worker-Main-1/ERROR] [net.minecraft.world.entity.decoration.HangingEntity/]: Hanging entity at invalid position: BlockPos{x=-9, y=-53, z=93}
[06Jan2025 00:06:04.325] [Worker-Main-1/WARN] [net.minecraft.world.entity.ai.attributes.AttributeMap/]: Ignoring unknown attribute 'obscure_api:regeneration'
[06Jan2025 00:06:04.325] [Worker-Main-1/WARN] [net.minecraft.world.entity.ai.attributes.AttributeMap/]: Ignoring unknown attribute 'caelus:fall_flying'
[06Jan2025 00:06:04.325] [Worker-Main-1/WARN] [net.minecraft.world.entity.ai.attributes.AttributeMap/]: Ignoring unknown attribute 'obscure_api:regeneration'
[06Jan2025 00:06:04.325] [Worker-Main-1/WARN] [net.minecraft.world.entity.ai.attributes.AttributeMap/]: Ignoring unknown attribute 'caelus:fall_flying'
[06Jan2025 00:06:04.326] [Worker-Main-1/WARN] [net.minecraft.world.entity.ai.attributes.AttributeMap/]: Ignoring unknown attribute 'obscure_api:regeneration'
[06Jan2025 00:06:04.326] [Worker-Main-1/WARN] [net.minecraft.world.entity.ai.attributes.AttributeMap/]: Ignoring unknown attribute 'caelus:fall_flying'
[06Jan2025 00:06:04.327] [Worker-Main-1/WARN] [net.minecraft.world.entity.ai.attributes.AttributeMap/]: Ignoring unknown attribute 'obscure_api:regeneration'
[06Jan2025 00:06:04.327] [Worker-Main-1/WARN] [net.minecraft.world.entity.ai.attributes.AttributeMap/]: Ignoring unknown attribute 'caelus:fall_flying'
[06Jan2025 00:06:04.327] [Worker-Main-1/WARN] [net.minecraft.world.entity.ai.attributes.AttributeMap/]: Ignoring unknown attribute 'obscure_api:regeneration'
[06Jan2025 00:06:04.327] [Worker-Main-1/WARN] [net.minecraft.world.entity.ai.attributes.AttributeMap/]: Ignoring unknown attribute 'caelus:fall_flying'
[06Jan2025 00:06:04.327] [Worker-Main-1/ERROR] [net.minecraft.world.entity.decoration.HangingEntity/]: Hanging entity at invalid position: BlockPos{x=-3, y=-58, z=100}
[06Jan2025 00:06:04.328] [Worker-Main-1/WARN] [net.minecraft.world.entity.ai.attributes.AttributeMap/]: Ignoring unknown attribute 'obscure_api:regeneration'
[06Jan2025 00:06:04.328] [Worker-Main-1/WARN] [net.minecraft.world.entity.ai.attributes.AttributeMap/]: Ignoring unknown attribute 'caelus:fall_flying'
[06Jan2025 00:06:04.328] [Worker-Main-1/ERROR] [net.minecraft.world.entity.decoration.HangingEntity/]: Hanging entity at invalid position: BlockPos{x=-7, y=-53, z=102}
[06Jan2025 00:06:04.328] [Worker-Main-1/WARN] [net.minecraft.world.entity.ai.attributes.AttributeMap/]: Ignoring unknown attribute 'obscure_api:regeneration'
[06Jan2025 00:06:04.328] [Worker-Main-1/WARN] [net.minecraft.world.entity.ai.attributes.AttributeMap/]: Ignoring unknown attribute 'caelus:fall_flying'
[06Jan2025 00:06:04.329] [Worker-Main-1/WARN] [net.minecraft.world.entity.ai.attributes.AttributeMap/]: Ignoring unknown attribute 'obscure_api:regeneration'
[06Jan2025 00:06:04.329] [Worker-Main-1/WARN] [net.minecraft.world.entity.ai.attributes.AttributeMap/]: Ignoring unknown attribute 'caelus:fall_flying'
[06Jan2025 00:06:04.329] [Worker-Main-1/WARN] [net.minecraft.world.entity.ai.attributes.AttributeMap/]: Ignoring unknown attribute 'obscure_api:regeneration'
[06Jan2025 00:06:04.329] [Worker-Main-1/WARN] [net.minecraft.world.entity.ai.attributes.AttributeMap/]: Ignoring unknown attribute 'caelus:fall_flying'
[06Jan2025 00:06:04.330] [Worker-Main-1/WARN] [net.minecraft.world.entity.ai.attributes.AttributeMap/]: Ignoring unknown attribute 'obscure_api:regeneration'
[06Jan2025 00:06:04.330] [Worker-Main-1/WARN] [net.minecraft.world.entity.ai.attributes.AttributeMap/]: Ignoring unknown attribute 'caelus:fall_flying'
[06Jan2025 00:06:04.330] [Worker-Main-1/WARN] [net.minecraft.world.entity.ai.attributes.AttributeMap/]: Ignoring unknown attribute 'obscure_api:regeneration'
[06Jan2025 00:06:04.330] [Worker-Main-1/WARN] [net.minecraft.world.entity.ai.attributes.AttributeMap/]: Ignoring unknown attribute 'caelus:fall_flying'
[06Jan2025 00:06:04.330] [Worker-Main-1/ERROR] [net.minecraft.world.entity.decoration.HangingEntity/]: Hanging entity at invalid position: BlockPos{x=-2, y=-54, z=102}
[06Jan2025 00:06:14.972] [Worker-Main-2/WARN] [net.minecraft.world.entity.ai.attributes.AttributeMap/]: Ignoring unknown attribute 'caelus:fall_flying'
[06Jan2025 00:06:14.973] [Worker-Main-2/WARN] [net.minecraft.world.entity.ai.attributes.AttributeMap/]: Ignoring unknown attribute 'caelus:fall_flying'
[06Jan2025 00:06:14.974] [Worker-Main-2/WARN] [net.minecraft.world.entity.ai.attributes.AttributeMap/]: Ignoring unknown attribute 'caelus:fall_flying'
[06Jan2025 00:06:15.419] [Worker-Main-2/WARN] [net.minecraft.world.entity.ai.attributes.AttributeMap/]: Ignoring unknown attribute 'caelus:fall_flying'
[06Jan2025 00:06:15.420] [Worker-Main-2/WARN] [net.minecraft.world.entity.ai.attributes.AttributeMap/]: Ignoring unknown attribute 'irons_spellbooks:blood_spell_power'
[06Jan2025 00:06:15.420] [Worker-Main-2/WARN] [net.minecraft.world.entity.ai.attributes.AttributeMap/]: Ignoring unknown attribute 'irons_spellbooks:max_mana'
[06Jan2025 00:06:15.421] [Worker-Main-2/WARN] [net.minecraft.world.entity.ai.attributes.AttributeMap/]: Ignoring unknown attribute 'caelus:fall_flying'
[06Jan2025 00:06:15.421] [Worker-Main-2/WARN] [net.minecraft.world.entity.ai.attributes.AttributeMap/]: Ignoring unknown attribute 'caelus:fall_flying'
[06Jan2025 00:06:15.431] [Worker-Main-2/WARN] [net.minecraft.world.entity.ai.attributes.AttributeMap/]: Ignoring unknown attribute 'caelus:fall_flying'
[06Jan2025 00:06:15.433] [Worker-Main-2/WARN] [net.minecraft.world.entity.ai.attributes.AttributeMap/]: Ignoring unknown attribute 'caelus:fall_flying'
[06Jan2025 00:06:15.433] [Worker-Main-2/WARN] [net.minecraft.world.entity.ai.attributes.AttributeMap/]: Ignoring unknown attribute 'caelus:fall_flying'
[06Jan2025 00:06:15.433] [Worker-Main-2/WARN] [net.minecraft.world.entity.ai.attributes.AttributeMap/]: Ignoring unknown attribute 'caelus:fall_flying'
[06Jan2025 00:06:15.433] [Worker-Main-2/WARN] [net.minecraft.world.entity.ai.attributes.AttributeMap/]: Ignoring unknown attribute 'caelus:fall_flying'
[06Jan2025 00:06:15.434] [Worker-Main-2/WARN] [net.minecraft.world.entity.ai.attributes.AttributeMap/]: Ignoring unknown attribute 'caelus:fall_flying'
[06Jan2025 00:07:57.380] [Server thread/INFO] [net.minecraft.server.players.PlayerList/]: ReyGamarra[/172.22.196.128:50359] logged in with entity id 38209 at (898.6999999880791, 68.0, 4944.300000011921)
[06Jan2025 00:07:57.393] [Server thread/INFO] [net.minecraft.server.MinecraftServer/]: ReyGamarra joined the game
[06Jan2025 00:09:55.568] [Server thread/INFO] [net.minecraft.server.network.ServerGamePacketListenerImpl/]: ReyGamarra lost connection: Disconnected
[06Jan2025 00:09:55.569] [Server thread/INFO] [net.minecraft.server.MinecraftServer/]: ReyGamarra left the game
[06Jan2025 00:09:55.622] [Server thread/WARN] [net.minecraft.network.Connection/]: handleDisconnection() called twice
[06Jan2025 00:11:02.537] [Server thread/INFO] [net.minecraft.server.MinecraftServer/]: [ErickJaeger: Set own game mode to Creative Mode]
[06Jan2025 00:13:49.763] [Server thread/INFO] [net.minecraft.server.network.ServerGamePacketListenerImpl/]: EdrianferXD10 lost connection: Disconnected
[06Jan2025 00:13:49.764] [Server thread/INFO] [net.minecraft.server.MinecraftServer/]: EdrianferXD10 left the game
[06Jan2025 00:14:04.275] [Server thread/INFO] [net.minecraft.server.players.PlayerList/]: EdrianferXD10[/172.22.218.247:64057] logged in with entity id 44958 at (848.1166027832285, 66.0, 5841.175116184147)
[06Jan2025 00:14:04.288] [Server thread/INFO] [net.minecraft.server.MinecraftServer/]: EdrianferXD10 joined the game
[06Jan2025 00:15:11.869] [Server thread/INFO] [net.minecraft.server.MinecraftServer/]: EdrianferXD10 has made the advancement [The Song of the Dragons]
